0 info it worked if it ends with ok
<<<<<<< HEAD
1 verbose cli [ 'node', '/usr/local/bin/npm', 'start' ]
2 info using npm@2.13.1
3 info using node@v0.12.7
4 verbose run-script [ 'prestart', 'start', 'poststart' ]
5 info prestart LoanShark@0.0.0
6 info start LoanShark@0.0.0
7 verbose unsafe-perm in lifecycle true
8 info LoanShark@0.0.0 Failed to exec start script
9 verbose stack Error: LoanShark@0.0.0 start: `node ./bin/www`
9 verbose stack Exit status 1
9 verbose stack     at EventEmitter.<anonymous> (/usr/local/lib/node_modules/npm/lib/utils/lifecycle.js:214:16)
9 verbose stack     at EventEmitter.emit (events.js:110:17)
9 verbose stack     at ChildProcess.<anonymous> (/usr/local/lib/node_modules/npm/lib/utils/spawn.js:24:14)
9 verbose stack     at ChildProcess.emit (events.js:110:17)
9 verbose stack     at maybeClose (child_process.js:1015:16)
9 verbose stack     at Process.ChildProcess._handle.onexit (child_process.js:1087:5)
10 verbose pkgid LoanShark@0.0.0
11 verbose cwd /home/thientran/Desktop/Development/Hackathon/loanShark/server
12 error Linux 3.19.0-28-generic
13 error argv "node" "/usr/local/bin/npm" "start"
14 error node v0.12.7
15 error npm  v2.13.1
16 error code ELIFECYCLE
17 error LoanShark@0.0.0 start: `node ./bin/www`
17 error Exit status 1
18 error Failed at the LoanShark@0.0.0 start script 'node ./bin/www'.
18 error This is most likely a problem with the LoanShark package,
18 error not with npm itself.
18 error Tell the author that this fails on your system:
18 error     node ./bin/www
18 error You can get their info via:
18 error     npm owner ls LoanShark
18 error There is likely additional logging output above.
19 verbose exit [ 1, true ]
=======
1 verbose cli [ '/usr/local/Cellar/iojs/2.4.0/bin/iojs',
1 verbose cli   '/usr/local/bin/npm',
1 verbose cli   'start' ]
2 info using npm@2.7.5
3 info using node@v2.4.0
4 verbose stack Error: Failed to parse json
4 verbose stack Trailing comma in object at 17:1
4 verbose stack }
4 verbose stack ^
4 verbose stack     at parseError (/usr/local/lib/node_modules/npm/node_modules/read-package-json/read-json.js:406:25)
4 verbose stack     at parseJson (/usr/local/lib/node_modules/npm/node_modules/read-package-json/read-json.js:86:51)
4 verbose stack     at /usr/local/lib/node_modules/npm/node_modules/read-package-json/read-json.js:60:33
4 verbose stack     at FSReqWrap.readFileAfterClose [as oncomplete] (evalmachine.<anonymous>:380:3)
5 verbose cwd /Users/khoa_phan/loanShark/server
6 error Darwin 14.5.0
7 error argv "/usr/local/Cellar/iojs/2.4.0/bin/iojs" "/usr/local/bin/npm" "start"
8 error node v2.4.0
9 error npm  v2.7.5
10 error file /Users/khoa_phan/loanShark/server/package.json
11 error code EJSONPARSE
12 error Failed to parse json
12 error Trailing comma in object at 17:1
12 error }
12 error ^
13 error File: /Users/khoa_phan/loanShark/server/package.json
14 error Failed to parse package.json data.
14 error package.json must be actual JSON, not just JavaScript.
14 error
14 error This is not a bug in npm.
14 error Tell the package author to fix their package.json file. JSON.parse
15 verbose exit [ 1, true ]
>>>>>>> 1e2105b3ef07f106c95564e82a502922ca5feb10
